{"/Users/sorenlarsen/Desktop/CSE-186/assignment8-FullStack/assignment8/backend/src/app.js": {"path":"/Users/sorenlarsen/Desktop/CSE-186/assignment8-FullStack/assignment8/backend/src/app.js","statementMap":{"0":{"start":{"line":5,"column":16},"end":{"line":5,"column":34}},"1":{"start":{"line":6,"column":13},"end":{"line":6,"column":28}},"2":{"start":{"line":7,"column":13},"end":{"line":7,"column":31}},"3":{"start":{"line":8,"column":18},"end":{"line":8,"column":47}},"4":{"start":{"line":9,"column":11},"end":{"line":9,"column":24}},"5":{"start":{"line":10,"column":13},"end":{"line":10,"column":28}},"6":{"start":{"line":11,"column":25},"end":{"line":11,"column":61}},"7":{"start":{"line":13,"column":13},"end":{"line":13,"column":30}},"8":{"start":{"line":14,"column":15},"end":{"line":14,"column":34}},"9":{"start":{"line":16,"column":12},"end":{"line":16,"column":21}},"10":{"start":{"line":17,"column":0},"end":{"line":17,"column":16}},"11":{"start":{"line":18,"column":0},"end":{"line":18,"column":24}},"12":{"start":{"line":19,"column":0},"end":{"line":19,"column":47}},"13":{"start":{"line":21,"column":16},"end":{"line":21,"column":59}},"14":{"start":{"line":23,"column":15},"end":{"line":23,"column":62}},"15":{"start":{"line":24,"column":0},"end":{"line":24,"column":66}},"16":{"start":{"line":27,"column":0},"end":{"line":27,"column":45}},"17":{"start":{"line":29,"column":0},"end":{"line":29,"column":33}},"18":{"start":{"line":31,"column":0},"end":{"line":37,"column":2}},"19":{"start":{"line":40,"column":0},"end":{"line":40,"column":65}},"20":{"start":{"line":41,"column":0},"end":{"line":41,"column":76}},"21":{"start":{"line":42,"column":0},"end":{"line":42,"column":62}},"22":{"start":{"line":43,"column":0},"end":{"line":43,"column":59}},"23":{"start":{"line":44,"column":0},"end":{"line":44,"column":50}},"24":{"start":{"line":45,"column":0},"end":{"line":45,"column":54}},"25":{"start":{"line":46,"column":0},"end":{"line":46,"column":48}},"26":{"start":{"line":49,"column":0},"end":{"line":55,"column":3}},"27":{"start":{"line":50,"column":2},"end":{"line":54,"column":5}},"28":{"start":{"line":57,"column":0},"end":{"line":57,"column":21}}},"fnMap":{"0":{"name":"(anonymous_0)","decl":{"start":{"line":49,"column":8},"end":{"line":49,"column":9}},"loc":{"start":{"line":49,"column":33},"end":{"line":55,"column":1}},"line":49}},"branchMap":{},"s":{"0":1,"1":1,"2":1,"3":1,"4":1,"5":1,"6":1,"7":1,"8":1,"9":1,"10":1,"11":1,"12":1,"13":1,"14":1,"15":1,"16":1,"17":1,"18":1,"19":1,"20":1,"21":1,"22":1,"23":1,"24":1,"25":1,"26":1,"27":2,"28":1},"f":{"0":2},"b":{},"_coverageSchema":"1a1c01bbd47fc00a2c39e90264f33305004495a9","hash":"60097c23016223f4940ff9d2a4e6b8c8e67a1787"}
,"/Users/sorenlarsen/Desktop/CSE-186/assignment8-FullStack/assignment8/backend/src/auth.js": {"path":"/Users/sorenlarsen/Desktop/CSE-186/assignment8-FullStack/assignment8/backend/src/auth.js","statementMap":{"0":{"start":{"line":5,"column":12},"end":{"line":5,"column":35}},"1":{"start":{"line":6,"column":15},"end":{"line":6,"column":32}},"2":{"start":{"line":8,"column":16},"end":{"line":8,"column":42}},"3":{"start":{"line":9,"column":11},"end":{"line":9,"column":26}},"4":{"start":{"line":11,"column":0},"end":{"line":39,"column":2}},"5":{"start":{"line":12,"column":28},"end":{"line":12,"column":36}},"6":{"start":{"line":13,"column":16},"end":{"line":13,"column":35}},"7":{"start":{"line":14,"column":15},"end":{"line":17,"column":4}},"8":{"start":{"line":15,"column":4},"end":{"line":16,"column":48}},"9":{"start":{"line":19,"column":2},"end":{"line":38,"column":3}},"10":{"start":{"line":22,"column":24},"end":{"line":27,"column":10}},"11":{"start":{"line":29,"column":4},"end":{"line":35,"column":7}},"12":{"start":{"line":37,"column":4},"end":{"line":37,"column":59}},"13":{"start":{"line":41,"column":0},"end":{"line":55,"column":2}},"14":{"start":{"line":42,"column":21},"end":{"line":42,"column":46}},"15":{"start":{"line":43,"column":2},"end":{"line":54,"column":3}},"16":{"start":{"line":44,"column":18},"end":{"line":44,"column":42}},"17":{"start":{"line":45,"column":4},"end":{"line":51,"column":7}},"18":{"start":{"line":46,"column":6},"end":{"line":48,"column":7}},"19":{"start":{"line":47,"column":8},"end":{"line":47,"column":35}},"20":{"start":{"line":49,"column":6},"end":{"line":49,"column":22}},"21":{"start":{"line":50,"column":6},"end":{"line":50,"column":13}},"22":{"start":{"line":53,"column":4},"end":{"line":53,"column":24}},"23":{"start":{"line":57,"column":0},"end":{"line":66,"column":2}},"24":{"start":{"line":58,"column":24},"end":{"line":58,"column":32}},"25":{"start":{"line":59,"column":2},"end":{"line":65,"column":5}},"26":{"start":{"line":60,"column":4},"end":{"line":63,"column":5}},"27":{"start":{"line":61,"column":6},"end":{"line":61,"column":46}},"28":{"start":{"line":62,"column":6},"end":{"line":62,"column":13}},"29":{"start":{"line":64,"column":4},"end":{"line":64,"column":43}}},"fnMap":{"0":{"name":"(anonymous_0)","decl":{"start":{"line":11,"column":23},"end":{"line":11,"column":24}},"loc":{"start":{"line":11,"column":43},"end":{"line":39,"column":1}},"line":11},"1":{"name":"(anonymous_1)","decl":{"start":{"line":14,"column":26},"end":{"line":14,"column":27}},"loc":{"start":{"line":14,"column":36},"end":{"line":17,"column":3}},"line":14},"2":{"name":"(anonymous_2)","decl":{"start":{"line":41,"column":16},"end":{"line":41,"column":17}},"loc":{"start":{"line":41,"column":36},"end":{"line":55,"column":1}},"line":41},"3":{"name":"(anonymous_3)","decl":{"start":{"line":45,"column":43},"end":{"line":45,"column":44}},"loc":{"start":{"line":45,"column":58},"end":{"line":51,"column":5}},"line":45},"4":{"name":"(anonymous_4)","decl":{"start":{"line":57,"column":17},"end":{"line":57,"column":18}},"loc":{"start":{"line":57,"column":31},"end":{"line":66,"column":1}},"line":57},"5":{"name":"(anonymous_5)","decl":{"start":{"line":59,"column":47},"end":{"line":59,"column":48}},"loc":{"start":{"line":59,"column":63},"end":{"line":65,"column":3}},"line":59}},"branchMap":{"0":{"loc":{"start":{"line":15,"column":11},"end":{"line":16,"column":47}},"type":"binary-expr","locations":[{"start":{"line":15,"column":11},"end":{"line":15,"column":31}},{"start":{"line":16,"column":4},"end":{"line":16,"column":47}}],"line":15},"1":{"loc":{"start":{"line":19,"column":2},"end":{"line":38,"column":3}},"type":"if","locations":[{"start":{"line":19,"column":2},"end":{"line":38,"column":3}},{"start":{"line":19,"column":2},"end":{"line":38,"column":3}}],"line":19},"2":{"loc":{"start":{"line":43,"column":2},"end":{"line":54,"column":3}},"type":"if","locations":[{"start":{"line":43,"column":2},"end":{"line":54,"column":3}},{"start":{"line":43,"column":2},"end":{"line":54,"column":3}}],"line":43},"3":{"loc":{"start":{"line":46,"column":6},"end":{"line":48,"column":7}},"type":"if","locations":[{"start":{"line":46,"column":6},"end":{"line":48,"column":7}},{"start":{"line":46,"column":6},"end":{"line":48,"column":7}}],"line":46},"4":{"loc":{"start":{"line":60,"column":4},"end":{"line":63,"column":5}},"type":"if","locations":[{"start":{"line":60,"column":4},"end":{"line":63,"column":5}},{"start":{"line":60,"column":4},"end":{"line":63,"column":5}}],"line":60}},"s":{"0":1,"1":1,"2":1,"3":1,"4":1,"5":0,"6":0,"7":0,"8":0,"9":0,"10":0,"11":0,"12":0,"13":1,"14":0,"15":0,"16":0,"17":0,"18":0,"19":0,"20":0,"21":0,"22":0,"23":1,"24":0,"25":0,"26":0,"27":0,"28":0,"29":0},"f":{"0":0,"1":0,"2":0,"3":0,"4":0,"5":0},"b":{"0":[0,0],"1":[0,0],"2":[0,0],"3":[0,0],"4":[0,0]},"_coverageSchema":"1a1c01bbd47fc00a2c39e90264f33305004495a9","hash":"1355f413075f4afacc08841c70fe93f5a876b40e"}
,"/Users/sorenlarsen/Desktop/CSE-186/assignment8-FullStack/assignment8/backend/src/db.js": {"path":"/Users/sorenlarsen/Desktop/CSE-186/assignment8-FullStack/assignment8/backend/src/db.js","statementMap":{"0":{"start":{"line":5,"column":15},"end":{"line":5,"column":28}},"1":{"start":{"line":7,"column":13},"end":{"line":13,"column":2}},"2":{"start":{"line":18,"column":0},"end":{"line":31,"column":2}},"3":{"start":{"line":19,"column":17},"end":{"line":19,"column":38}},"4":{"start":{"line":20,"column":16},"end":{"line":23,"column":3}},"5":{"start":{"line":24,"column":17},"end":{"line":24,"column":40}},"6":{"start":{"line":26,"column":20},"end":{"line":26,"column":22}},"7":{"start":{"line":27,"column":2},"end":{"line":29,"column":3}},"8":{"start":{"line":28,"column":4},"end":{"line":28,"column":24}},"9":{"start":{"line":30,"column":2},"end":{"line":30,"column":19}},"10":{"start":{"line":39,"column":0},"end":{"line":60,"column":2}},"11":{"start":{"line":41,"column":15},"end":{"line":41,"column":78}},"12":{"start":{"line":42,"column":2},"end":{"line":42,"column":44}},"13":{"start":{"line":43,"column":2},"end":{"line":47,"column":3}},"14":{"start":{"line":44,"column":4},"end":{"line":44,"column":38}},"15":{"start":{"line":46,"column":4},"end":{"line":46,"column":46}},"16":{"start":{"line":48,"column":2},"end":{"line":48,"column":47}},"17":{"start":{"line":49,"column":16},"end":{"line":52,"column":3}},"18":{"start":{"line":53,"column":17},"end":{"line":53,"column":40}},"19":{"start":{"line":55,"column":24},"end":{"line":55,"column":26}},"20":{"start":{"line":56,"column":2},"end":{"line":58,"column":3}},"21":{"start":{"line":57,"column":4},"end":{"line":57,"column":28}},"22":{"start":{"line":59,"column":2},"end":{"line":59,"column":23}},"23":{"start":{"line":62,"column":0},"end":{"line":71,"column":2}},"24":{"start":{"line":63,"column":17},"end":{"line":63,"column":75}},"25":{"start":{"line":64,"column":16},"end":{"line":67,"column":3}},"26":{"start":{"line":68,"column":2},"end":{"line":68,"column":26}},"27":{"start":{"line":70,"column":2},"end":{"line":70,"column":9}},"28":{"start":{"line":73,"column":0},"end":{"line":82,"column":2}},"29":{"start":{"line":74,"column":17},"end":{"line":74,"column":74}},"30":{"start":{"line":75,"column":16},"end":{"line":78,"column":3}},"31":{"start":{"line":79,"column":2},"end":{"line":79,"column":26}},"32":{"start":{"line":81,"column":2},"end":{"line":81,"column":9}},"33":{"start":{"line":84,"column":0},"end":{"line":108,"column":2}},"34":{"start":{"line":86,"column":15},"end":{"line":86,"column":78}},"35":{"start":{"line":87,"column":2},"end":{"line":87,"column":44}},"36":{"start":{"line":89,"column":2},"end":{"line":89,"column":43}},"37":{"start":{"line":91,"column":2},"end":{"line":91,"column":46}},"38":{"start":{"line":92,"column":2},"end":{"line":92,"column":44}},"39":{"start":{"line":94,"column":2},"end":{"line":94,"column":42}},"40":{"start":{"line":96,"column":2},"end":{"line":96,"column":47}},"41":{"start":{"line":97,"column":16},"end":{"line":100,"column":3}},"42":{"start":{"line":101,"column":17},"end":{"line":101,"column":40}},"43":{"start":{"line":103,"column":24},"end":{"line":103,"column":26}},"44":{"start":{"line":104,"column":2},"end":{"line":106,"column":3}},"45":{"start":{"line":105,"column":4},"end":{"line":105,"column":28}},"46":{"start":{"line":107,"column":2},"end":{"line":107,"column":23}},"47":{"start":{"line":110,"column":0},"end":{"line":121,"column":2}},"48":{"start":{"line":111,"column":15},"end":{"line":111,"column":77}},"49":{"start":{"line":112,"column":2},"end":{"line":112,"column":52}},"50":{"start":{"line":113,"column":2},"end":{"line":113,"column":27}},"51":{"start":{"line":114,"column":16},"end":{"line":117,"column":3}},"52":{"start":{"line":118,"column":2},"end":{"line":118,"column":26}},"53":{"start":{"line":120,"column":2},"end":{"line":120,"column":9}},"54":{"start":{"line":123,"column":0},"end":{"line":142,"column":2}},"55":{"start":{"line":125,"column":17},"end":{"line":125,"column":19}},"56":{"start":{"line":126,"column":2},"end":{"line":134,"column":3}},"57":{"start":{"line":127,"column":4},"end":{"line":128,"column":42}},"58":{"start":{"line":129,"column":4},"end":{"line":129,"column":27}},"59":{"start":{"line":131,"column":4},"end":{"line":132,"column":58}},"60":{"start":{"line":133,"column":4},"end":{"line":133,"column":41}},"61":{"start":{"line":135,"column":16},"end":{"line":138,"column":3}},"62":{"start":{"line":139,"column":17},"end":{"line":139,"column":40}},"63":{"start":{"line":141,"column":2},"end":{"line":141,"column":33}}},"fnMap":{"0":{"name":"(anonymous_0)","decl":{"start":{"line":18,"column":19},"end":{"line":18,"column":20}},"loc":{"start":{"line":18,"column":31},"end":{"line":31,"column":1}},"line":18},"1":{"name":"(anonymous_1)","decl":{"start":{"line":39,"column":23},"end":{"line":39,"column":24}},"loc":{"start":{"line":39,"column":48},"end":{"line":60,"column":1}},"line":39},"2":{"name":"(anonymous_2)","decl":{"start":{"line":62,"column":24},"end":{"line":62,"column":25}},"loc":{"start":{"line":62,"column":47},"end":{"line":71,"column":1}},"line":62},"3":{"name":"(anonymous_3)","decl":{"start":{"line":73,"column":18},"end":{"line":73,"column":19}},"loc":{"start":{"line":73,"column":38},"end":{"line":82,"column":1}},"line":73},"4":{"name":"(anonymous_4)","decl":{"start":{"line":84,"column":23},"end":{"line":84,"column":24}},"loc":{"start":{"line":84,"column":47},"end":{"line":108,"column":1}},"line":84},"5":{"name":"(anonymous_5)","decl":{"start":{"line":110,"column":22},"end":{"line":110,"column":23}},"loc":{"start":{"line":110,"column":48},"end":{"line":121,"column":1}},"line":110},"6":{"name":"(anonymous_6)","decl":{"start":{"line":123,"column":20},"end":{"line":123,"column":21}},"loc":{"start":{"line":123,"column":45},"end":{"line":142,"column":1}},"line":123}},"branchMap":{"0":{"loc":{"start":{"line":43,"column":2},"end":{"line":47,"column":3}},"type":"if","locations":[{"start":{"line":43,"column":2},"end":{"line":47,"column":3}},{"start":{"line":43,"column":2},"end":{"line":47,"column":3}}],"line":43},"1":{"loc":{"start":{"line":126,"column":2},"end":{"line":134,"column":3}},"type":"if","locations":[{"start":{"line":126,"column":2},"end":{"line":134,"column":3}},{"start":{"line":126,"column":2},"end":{"line":134,"column":3}}],"line":126}},"s":{"0":1,"1":1,"2":1,"3":0,"4":0,"5":0,"6":0,"7":0,"8":0,"9":0,"10":1,"11":0,"12":0,"13":0,"14":0,"15":0,"16":0,"17":0,"18":0,"19":0,"20":0,"21":0,"22":0,"23":1,"24":0,"25":0,"26":0,"27":0,"28":1,"29":0,"30":0,"31":0,"32":0,"33":1,"34":0,"35":0,"36":0,"37":0,"38":0,"39":0,"40":0,"41":0,"42":0,"43":0,"44":0,"45":0,"46":0,"47":1,"48":0,"49":0,"50":0,"51":0,"52":0,"53":0,"54":1,"55":0,"56":0,"57":0,"58":0,"59":0,"60":0,"61":0,"62":0,"63":0},"f":{"0":0,"1":0,"2":0,"3":0,"4":0,"5":0,"6":0},"b":{"0":[0,0],"1":[0,0]},"_coverageSchema":"1a1c01bbd47fc00a2c39e90264f33305004495a9","hash":"dc23c540ddf750858948edd17a119eccbf8a0f1d"}
,"/Users/sorenlarsen/Desktop/CSE-186/assignment8-FullStack/assignment8/backend/src/emails.js": {"path":"/Users/sorenlarsen/Desktop/CSE-186/assignment8-FullStack/assignment8/backend/src/emails.js","statementMap":{"0":{"start":{"line":1,"column":11},"end":{"line":1,"column":26}},"1":{"start":{"line":3,"column":0},"end":{"line":6,"column":2}},"2":{"start":{"line":4,"column":17},"end":{"line":4,"column":75}},"3":{"start":{"line":5,"column":2},"end":{"line":5,"column":31}},"4":{"start":{"line":8,"column":0},"end":{"line":11,"column":2}},"5":{"start":{"line":9,"column":17},"end":{"line":9,"column":79}},"6":{"start":{"line":10,"column":2},"end":{"line":10,"column":31}},"7":{"start":{"line":13,"column":0},"end":{"line":17,"column":2}},"8":{"start":{"line":14,"column":20},"end":{"line":14,"column":28}},"9":{"start":{"line":15,"column":2},"end":{"line":15,"column":49}},"10":{"start":{"line":16,"column":2},"end":{"line":16,"column":22}},"11":{"start":{"line":19,"column":0},"end":{"line":23,"column":2}},"12":{"start":{"line":21,"column":2},"end":{"line":21,"column":41}},"13":{"start":{"line":22,"column":2},"end":{"line":22,"column":22}},"14":{"start":{"line":25,"column":0},"end":{"line":29,"column":2}},"15":{"start":{"line":27,"column":2},"end":{"line":27,"column":40}},"16":{"start":{"line":28,"column":2},"end":{"line":28,"column":22}},"17":{"start":{"line":31,"column":0},"end":{"line":35,"column":2}},"18":{"start":{"line":32,"column":17},"end":{"line":32,"column":25}},"19":{"start":{"line":33,"column":2},"end":{"line":33,"column":49}},"20":{"start":{"line":34,"column":2},"end":{"line":34,"column":29}},"21":{"start":{"line":37,"column":0},"end":{"line":51,"column":2}},"22":{"start":{"line":38,"column":19},"end":{"line":38,"column":21}},"23":{"start":{"line":41,"column":2},"end":{"line":41,"column":34}},"24":{"start":{"line":42,"column":2},"end":{"line":42,"column":38}},"25":{"start":{"line":43,"column":2},"end":{"line":43,"column":44}},"26":{"start":{"line":44,"column":2},"end":{"line":44,"column":44}},"27":{"start":{"line":45,"column":22},"end":{"line":45,"column":64}},"28":{"start":{"line":46,"column":2},"end":{"line":46,"column":33}},"29":{"start":{"line":47,"column":2},"end":{"line":47,"column":37}},"30":{"start":{"line":48,"column":19},"end":{"line":48,"column":41}},"31":{"start":{"line":49,"column":2},"end":{"line":49,"column":43}},"32":{"start":{"line":50,"column":2},"end":{"line":50,"column":18}},"33":{"start":{"line":53,"column":0},"end":{"line":65,"column":2}},"34":{"start":{"line":55,"column":16},"end":{"line":55,"column":60}},"35":{"start":{"line":56,"column":18},"end":{"line":56,"column":64}},"36":{"start":{"line":57,"column":15},"end":{"line":57,"column":58}},"37":{"start":{"line":58,"column":17},"end":{"line":58,"column":62}},"38":{"start":{"line":59,"column":16},"end":{"line":59,"column":60}},"39":{"start":{"line":61,"column":19},"end":{"line":61,"column":56}},"40":{"start":{"line":64,"column":2},"end":{"line":64,"column":33}}},"fnMap":{"0":{"name":"(anonymous_0)","decl":{"start":{"line":3,"column":21},"end":{"line":3,"column":22}},"loc":{"start":{"line":3,"column":41},"end":{"line":6,"column":1}},"line":3},"1":{"name":"(anonymous_1)","decl":{"start":{"line":8,"column":21},"end":{"line":8,"column":22}},"loc":{"start":{"line":8,"column":41},"end":{"line":11,"column":1}},"line":8},"2":{"name":"(anonymous_2)","decl":{"start":{"line":13,"column":24},"end":{"line":13,"column":25}},"loc":{"start":{"line":13,"column":44},"end":{"line":17,"column":1}},"line":13},"3":{"name":"(anonymous_3)","decl":{"start":{"line":19,"column":18},"end":{"line":19,"column":19}},"loc":{"start":{"line":19,"column":38},"end":{"line":23,"column":1}},"line":19},"4":{"name":"(anonymous_4)","decl":{"start":{"line":25,"column":20},"end":{"line":25,"column":21}},"loc":{"start":{"line":25,"column":40},"end":{"line":29,"column":1}},"line":25},"5":{"name":"(anonymous_5)","decl":{"start":{"line":31,"column":21},"end":{"line":31,"column":22}},"loc":{"start":{"line":31,"column":41},"end":{"line":35,"column":1}},"line":31},"6":{"name":"(anonymous_6)","decl":{"start":{"line":37,"column":20},"end":{"line":37,"column":21}},"loc":{"start":{"line":37,"column":40},"end":{"line":51,"column":1}},"line":37},"7":{"name":"(anonymous_7)","decl":{"start":{"line":53,"column":22},"end":{"line":53,"column":23}},"loc":{"start":{"line":53,"column":42},"end":{"line":65,"column":1}},"line":53}},"branchMap":{},"s":{"0":1,"1":1,"2":0,"3":0,"4":1,"5":0,"6":0,"7":1,"8":0,"9":0,"10":0,"11":1,"12":0,"13":0,"14":1,"15":0,"16":0,"17":1,"18":0,"19":0,"20":0,"21":1,"22":0,"23":0,"24":0,"25":0,"26":0,"27":0,"28":0,"29":0,"30":0,"31":0,"32":0,"33":1,"34":0,"35":0,"36":0,"37":0,"38":0,"39":0,"40":0},"f":{"0":0,"1":0,"2":0,"3":0,"4":0,"5":0,"6":0,"7":0},"b":{},"_coverageSchema":"1a1c01bbd47fc00a2c39e90264f33305004495a9","hash":"2e3e2922550327995502188f37dcfa818bdf0468"}
,"/Users/sorenlarsen/Desktop/CSE-186/assignment8-FullStack/assignment8/backend/test/db.js": {"path":"/Users/sorenlarsen/Desktop/CSE-186/assignment8-FullStack/assignment8/backend/test/db.js","statementMap":{"0":{"start":{"line":1,"column":11},"end":{"line":1,"column":24}},"1":{"start":{"line":2,"column":15},"end":{"line":2,"column":28}},"2":{"start":{"line":4,"column":0},"end":{"line":4,"column":27}},"3":{"start":{"line":5,"column":0},"end":{"line":5,"column":31}},"4":{"start":{"line":7,"column":13},"end":{"line":13,"column":2}},"5":{"start":{"line":15,"column":12},"end":{"line":21,"column":1}},"6":{"start":{"line":16,"column":18},"end":{"line":16,"column":47}},"7":{"start":{"line":17,"column":21},"end":{"line":17,"column":43}},"8":{"start":{"line":18,"column":2},"end":{"line":20,"column":3}},"9":{"start":{"line":19,"column":4},"end":{"line":19,"column":32}},"10":{"start":{"line":23,"column":0},"end":{"line":27,"column":2}},"11":{"start":{"line":24,"column":2},"end":{"line":24,"column":30}},"12":{"start":{"line":25,"column":2},"end":{"line":25,"column":28}},"13":{"start":{"line":26,"column":2},"end":{"line":26,"column":31}}},"fnMap":{"0":{"name":"(anonymous_0)","decl":{"start":{"line":15,"column":12},"end":{"line":15,"column":13}},"loc":{"start":{"line":15,"column":28},"end":{"line":21,"column":1}},"line":15},"1":{"name":"(anonymous_1)","decl":{"start":{"line":23,"column":16},"end":{"line":23,"column":17}},"loc":{"start":{"line":23,"column":28},"end":{"line":27,"column":1}},"line":23}},"branchMap":{},"s":{"0":1,"1":1,"2":1,"3":1,"4":1,"5":1,"6":1,"7":1,"8":1,"9":6,"10":1,"11":1,"12":0,"13":0},"f":{"0":1,"1":1},"b":{},"_coverageSchema":"1a1c01bbd47fc00a2c39e90264f33305004495a9","hash":"c5a1e15558130da42ae51f842a73b4221e2db0f6"}
}
